0 info it worked if it ends with ok
1 verbose cli [ 'C:\\Program Files\\nodejs\\node.exe',
1 verbose cli   'C:\\Program Files\\nodejs\\node_modules\\npm\\bin\\npm-cli.js',
1 verbose cli   'run',
1 verbose cli   'dev' ]
2 info using npm@3.10.10
3 info using node@v6.9.3
4 verbose run-script [ 'predev', 'dev', 'postdev' ]
5 info lifecycle iview-admin@2.0.0~predev: iview-admin@2.0.0
6 silly lifecycle iview-admin@2.0.0~predev: no script for predev, continuing
7 info lifecycle iview-admin@2.0.0~dev: iview-admin@2.0.0
8 verbose lifecycle iview-admin@2.0.0~dev: unsafe-perm in lifecycle true
9 verbose lifecycle iview-admin@2.0.0~dev: PATH: C:\Program Files\nodejs\node_modules\npm\bin\node-gyp-bin;C:\Developer\workspaces\GitHub\iview-admin\node_modules\.bin;C:\Program Files\Microsoft MPI\Bin\;C:\WINDOWS\system32;C:\WINDOWS;C:\WINDOWS\System32\Wbem;C:\WINDOWS\System32\WindowsPowerShell\v1.0\;C:\Program Files\Intel\WiFi\bin\;C:\Program Files\Common Files\Intel\WirelessCommon\;C:\Program Files\TortoiseSVN\bin;C:\Developer\Java\jdk1.8.0_102\bin;C:\Developer\Android\Android Studio\bin;C:\Developer\Lua\bin;C:\Developer\Ruby21-x64\bin;C:\Developer\Sqlite\bin;C:\Developer\cmake\\bin;C:\Developer\PortableGit\bin;C:\Program Files\MATLAB\R2016b\bin;C:\Users\huangzhen\Desktop;C:\Program Files (x86)\Windows Kits\10\Windows Performance Toolkit\;C:\Program Files\Microsoft SQL Server\130\Tools\Binn\;C:\Program Files (x86)\GtkSharp\2.12\bin;C:\Program Files\Anaconda2;C:\Program Files\Anaconda2\Scripts;C:\Program Files\Anaconda2\Library\bin;C:\Program Files\nodejs\;C:\Program Files\Git\cmd;C:\Program Files\Git\mingw64\bin;C:\Program Files\Git\usr\bin;C:\Program Files\MySQL\MySQL Utilities 1.6\;C:\Program Files\MySQL\\MySQL Server 5.7\bin;C:\Program Files\dotnet\;C:\Program Files\CMake\bin;C:\Program Files\Git LFS;C:\Developer\Java\apache-maven-3.3.9\bin;C:\Developer\Java\apache-tomcat-7.0.77\bin;C:\MyApps\qiniu\;C:\Users\huangzhen\AppData\Local\Microsoft\WindowsApps;C:\Users\huangzhen\AppData\Local\atom\bin;C:\Program Files\Intel\WiFi\bin\;C:\Program Files\Common Files\Intel\WirelessCommon\;C:\Program Files (x86)\Microsoft VS Code\bin;C:\Users\huangzhen\.babun;C:\Users\huangzhen\AppData\Roaming\npm;%USERPROFILE%\AppData\Local\Microsoft\WindowsApps;
10 verbose lifecycle iview-admin@2.0.0~dev: CWD: C:\Developer\workspaces\GitHub\iview-admin
11 silly lifecycle iview-admin@2.0.0~dev: Args: [ '/d /s /c',
11 silly lifecycle   'webpack-dev-server --content-base ./ --open --inline --hot --compress --history-api-fallback --config webpack.dev.config.js' ]
12 verbose stack Error: kill ENOSYS
12 verbose stack     at exports._errnoException (util.js:1022:11)
12 verbose stack     at process.kill (internal/process.js:172:13)
12 verbose stack     at process.listener (C:\Program Files\nodejs\node_modules\npm\node_modules\npmlog\node_modules\gauge\node_modules\signal-exit\index.js:86:15)
12 verbose stack     at emitNone (events.js:91:20)
12 verbose stack     at process.emit (events.js:185:7)
12 verbose stack     at processEmit (C:\Program Files\nodejs\node_modules\npm\node_modules\npmlog\node_modules\gauge\node_modules\signal-exit\index.js:146:32)
12 verbose stack     at processEmit (C:\Program Files\nodejs\node_modules\npm\node_modules\npm-registry-client\node_modules\npmlog\node_modules\gauge\node_modules\signal-exit\index.js:146:32)
12 verbose stack     at Signal.wrap.onsignal (internal/process.js:199:44)
13 verbose cwd C:\Developer\workspaces\GitHub\iview-admin
14 error Windows_NT 10.0.15063
15 error argv "C:\\Program Files\\nodejs\\node.exe" "C:\\Program Files\\nodejs\\node_modules\\npm\\bin\\npm-cli.js" "run" "dev"
16 error node v6.9.3
17 error npm  v3.10.10
18 error code ENOSYS
19 error errno ENOSYS
20 error syscall kill
21 error kill ENOSYS
22 error If you need help, you may report this error at:
22 error     <https://github.com/npm/npm/issues>
23 verbose exit [ 1, true ]
